2022.09.08 14:51:16 INFO  app[][o.s.a.AppFileSystem] Cleaning or creating temp directory /opt/sonarqube/temp
2022.09.08 14:51:16 INFO  app[][o.s.a.es.EsSettings] Elasticsearch listening on [HTTP: 127.0.0.1:9001, TCP: 127.0.0.1:37579]
2022.09.08 14:51:16 INFO  app[][o.s.a.ProcessLauncherImpl] Launch process[[key='es', ipcIndex=1, logFilenamePrefix=es]] from [/opt/sonarqube/elasticsearch]: /opt/sonarqube/elasticsearch/bin/elasticsearch
2022.09.08 14:51:16 INFO  app[][o.s.a.SchedulerImpl] Waiting for Elasticsearch to be up and running
2022.09.08 14:51:22 INFO  app[][o.s.a.SchedulerImpl] Process[es] is up
2022.09.08 14:51:22 INFO  app[][o.s.a.ProcessLauncherImpl] Launch process[[key='web', ipcIndex=2, logFilenamePrefix=web]] from [/opt/sonarqube]: /opt/java/openjdk/bin/java -Djava.awt.headless=true -Dfile.encoding=UTF-8 -Djava.io.tmpdir=/opt/sonarqube/temp -XX:-OmitStackTraceInFastThrow --add-opens=java.base/java.util=ALL-UNNAMED --add-opens=java.base/java.lang=ALL-UNNAMED --add-opens=java.base/java.io=ALL-UNNAMED --add-opens=java.rmi/sun.rmi.transport=ALL-UNNAMED -Xmx512m -Xms128m -XX:+HeapDumpOnOutOfMemoryError -Dhttp.nonProxyHosts=localhost|127.*|[::1] -cp ./lib/sonar-application-8.9.9.56886.jar:/opt/sonarqube/lib/jdbc/h2/h2-1.4.199.jar org.sonar.server.app.WebServer /opt/sonarqube/temp/sq-process13308085800189386613properties
2022.09.08 14:51:47 INFO  app[][o.s.a.SchedulerImpl] Process[web] is up
2022.09.08 14:51:47 INFO  app[][o.s.a.ProcessLauncherImpl] Launch process[[key='ce', ipcIndex=3, logFilenamePrefix=ce]] from [/opt/sonarqube]: /opt/java/openjdk/bin/java -Djava.awt.headless=true -Dfile.encoding=UTF-8 -Djava.io.tmpdir=/opt/sonarqube/temp -XX:-OmitStackTraceInFastThrow --add-opens=java.base/java.util=ALL-UNNAMED -Xmx512m -Xms128m -XX:+HeapDumpOnOutOfMemoryError -Dhttp.nonProxyHosts=localhost|127.*|[::1] -cp ./lib/sonar-application-8.9.9.56886.jar:/opt/sonarqube/lib/jdbc/h2/h2-1.4.199.jar org.sonar.ce.app.CeServer /opt/sonarqube/temp/sq-process7486468019956339594properties
2022.09.08 14:51:50 INFO  app[][o.s.a.SchedulerImpl] Process[ce] is up
2022.09.08 14:51:50 INFO  app[][o.s.a.SchedulerImpl] SonarQube is up
2022.09.08 15:02:17 INFO  app[][o.s.a.SchedulerImpl] Stopping SonarQube
2022.09.08 15:02:17 INFO  app[][o.s.a.SchedulerImpl] Process[ce] is stopped
2022.09.08 15:02:18 INFO  app[][o.s.a.SchedulerImpl] Process[web] is stopped
2022.09.08 15:02:18 WARN  app[][o.s.a.p.AbstractManagedProcess] Process exited with exit value [es]: 143
2022.09.08 15:02:18 INFO  app[][o.s.a.SchedulerImpl] Process[es] is stopped
2022.09.08 15:02:18 INFO  app[][o.s.a.SchedulerImpl] SonarQube is stopped
2022.09.08 15:02:46 INFO  app[][o.s.a.AppFileSystem] Cleaning or creating temp directory /opt/sonarqube/temp
2022.09.08 15:02:46 INFO  app[][o.s.a.es.EsSettings] Elasticsearch listening on [HTTP: 127.0.0.1:9001, TCP: 127.0.0.1:36385]
2022.09.08 15:02:46 INFO  app[][o.s.a.ProcessLauncherImpl] Launch process[[key='es', ipcIndex=1, logFilenamePrefix=es]] from [/opt/sonarqube/elasticsearch]: /opt/sonarqube/elasticsearch/bin/elasticsearch
2022.09.08 15:02:46 INFO  app[][o.s.a.SchedulerImpl] Waiting for Elasticsearch to be up and running
2022.09.08 15:02:53 INFO  app[][o.s.a.SchedulerImpl] Process[es] is up
2022.09.08 15:02:53 INFO  app[][o.s.a.ProcessLauncherImpl] Launch process[[key='web', ipcIndex=2, logFilenamePrefix=web]] from [/opt/sonarqube]: /opt/java/openjdk/bin/java -Djava.awt.headless=true -Dfile.encoding=UTF-8 -Djava.io.tmpdir=/opt/sonarqube/temp -XX:-OmitStackTraceInFastThrow --add-opens=java.base/java.util=ALL-UNNAMED --add-opens=java.base/java.lang=ALL-UNNAMED --add-opens=java.base/java.io=ALL-UNNAMED --add-opens=java.rmi/sun.rmi.transport=ALL-UNNAMED -Xmx512m -Xms128m -XX:+HeapDumpOnOutOfMemoryError -Dhttp.nonProxyHosts=localhost|127.*|[::1] -cp ./lib/sonar-application-8.9.9.56886.jar:/opt/sonarqube/lib/jdbc/h2/h2-1.4.199.jar org.sonar.server.app.WebServer /opt/sonarqube/temp/sq-process6987161725075392703properties
2022.09.08 15:03:06 INFO  app[][o.s.a.SchedulerImpl] Process[web] is up
2022.09.08 15:03:06 INFO  app[][o.s.a.ProcessLauncherImpl] Launch process[[key='ce', ipcIndex=3, logFilenamePrefix=ce]] from [/opt/sonarqube]: /opt/java/openjdk/bin/java -Djava.awt.headless=true -Dfile.encoding=UTF-8 -Djava.io.tmpdir=/opt/sonarqube/temp -XX:-OmitStackTraceInFastThrow --add-opens=java.base/java.util=ALL-UNNAMED -Xmx512m -Xms128m -XX:+HeapDumpOnOutOfMemoryError -Dhttp.nonProxyHosts=localhost|127.*|[::1] -cp ./lib/sonar-application-8.9.9.56886.jar:/opt/sonarqube/lib/jdbc/h2/h2-1.4.199.jar org.sonar.ce.app.CeServer /opt/sonarqube/temp/sq-process10618523819556482113properties
2022.09.08 15:03:09 INFO  app[][o.s.a.SchedulerImpl] Process[ce] is up
2022.09.08 15:03:09 INFO  app[][o.s.a.SchedulerImpl] SonarQube is up
2022.09.08 15:19:13 INFO  app[][o.s.a.SchedulerImpl] Stopping SonarQube
2022.09.08 15:19:14 INFO  app[][o.s.a.SchedulerImpl] Process[ce] is stopped
2022.09.08 15:19:14 INFO  app[][o.s.a.SchedulerImpl] Process[web] is stopped
2022.09.08 15:19:14 INFO  app[][o.s.a.SchedulerImpl] Process[es] is stopped
2022.09.08 15:19:14 WARN  app[][o.s.a.p.AbstractManagedProcess] Process exited with exit value [es]: 143
2022.09.08 15:19:14 INFO  app[][o.s.a.SchedulerImpl] SonarQube is stopped
2022.09.08 15:21:21 INFO  app[][o.s.a.AppFileSystem] Cleaning or creating temp directory /opt/sonarqube/temp
2022.09.08 15:21:21 INFO  app[][o.s.a.es.EsSettings] Elasticsearch listening on [HTTP: 127.0.0.1:9001, TCP: 127.0.0.1:36759]
2022.09.08 15:21:21 INFO  app[][o.s.a.ProcessLauncherImpl] Launch process[[key='es', ipcIndex=1, logFilenamePrefix=es]] from [/opt/sonarqube/elasticsearch]: /opt/sonarqube/elasticsearch/bin/elasticsearch
2022.09.08 15:21:21 INFO  app[][o.s.a.SchedulerImpl] Waiting for Elasticsearch to be up and running
2022.09.08 15:21:28 INFO  app[][o.s.a.SchedulerImpl] Process[es] is up
2022.09.08 15:21:28 INFO  app[][o.s.a.ProcessLauncherImpl] Launch process[[key='web', ipcIndex=2, logFilenamePrefix=web]] from [/opt/sonarqube]: /opt/java/openjdk/bin/java -Djava.awt.headless=true -Dfile.encoding=UTF-8 -Djava.io.tmpdir=/opt/sonarqube/temp -XX:-OmitStackTraceInFastThrow --add-opens=java.base/java.util=ALL-UNNAMED --add-opens=java.base/java.lang=ALL-UNNAMED --add-opens=java.base/java.io=ALL-UNNAMED --add-opens=java.rmi/sun.rmi.transport=ALL-UNNAMED -Xmx512m -Xms128m -XX:+HeapDumpOnOutOfMemoryError -Dhttp.nonProxyHosts=localhost|127.*|[::1] -cp ./lib/sonar-application-8.9.9.56886.jar:/opt/sonarqube/lib/jdbc/h2/h2-1.4.199.jar org.sonar.server.app.WebServer /opt/sonarqube/temp/sq-process16344594575800533667properties
2022.09.08 15:21:41 INFO  app[][o.s.a.SchedulerImpl] Process[web] is up
2022.09.08 15:21:41 INFO  app[][o.s.a.ProcessLauncherImpl] Launch process[[key='ce', ipcIndex=3, logFilenamePrefix=ce]] from [/opt/sonarqube]: /opt/java/openjdk/bin/java -Djava.awt.headless=true -Dfile.encoding=UTF-8 -Djava.io.tmpdir=/opt/sonarqube/temp -XX:-OmitStackTraceInFastThrow --add-opens=java.base/java.util=ALL-UNNAMED -Xmx512m -Xms128m -XX:+HeapDumpOnOutOfMemoryError -Dhttp.nonProxyHosts=localhost|127.*|[::1] -cp ./lib/sonar-application-8.9.9.56886.jar:/opt/sonarqube/lib/jdbc/h2/h2-1.4.199.jar org.sonar.ce.app.CeServer /opt/sonarqube/temp/sq-process8464249440671342253properties
2022.09.08 15:21:44 INFO  app[][o.s.a.SchedulerImpl] Process[ce] is up
2022.09.08 15:21:44 INFO  app[][o.s.a.SchedulerImpl] SonarQube is up
